Arguments: 
  C:\Program Files\nodejs\node.exe C:\Users\ASUS\AppData\Roaming\npm\node_modules\yarn\bin\yarn.js add vue-image-swipe

PATH: 
  "C:\Program Files (x86)\Common Files\Oracle\Java\javapath;C:\Program Files (x86)\Java\jdk1.8.0_151\bin;C:\Program Files (x86)\Java\jdk1.8.0_151\jre\bin;";"C:\ProgramData\Oracle\Java\javapath;C:\Program Files (x86)\Java\jdk1.8.0_151\bin;C:\Program Files (x86)\Java\jdk1.8.0_151\jre\bin;";C:\Windows\system32;C:\Windows;C:\Windows\System32\Wbem;C:\Windows\System32\WindowsPowerShell\v1.0\;C:\strawberry\c\bin;C:\strawberry\perl\bin;F:\Git\cmd;"C:\Program Files (x86)\Java\jdk1.8.0_151\bin;"C:\Program Files (x86)\Common Files\Oracle\Java\javapath;C:\Program Files (x86)\Java\jdk1.8.0_151\bin;C:\Program Files (x86)\Java\jdk1.8.0_151\jre\bin;";"C:\ProgramData\Oracle\Java\javapath;C:\Program Files (x86)\Java\jdk1.8.0_151\bin;C:\Program Files (x86)\Java\jdk1.8.0_151\jre\bin;";C:\Windows\system32;C:\Windows;C:\Windows\System32\Wbem;C:\Windows\System32\WindowsPowerShell\v1.0\;C:\strawberry\c\bin;C:\strawberry\perl\bin;F:\Git\cmd;"C:\Program Files (x86)\Java\jdk1.8.0_151\bin;"C:\Program Files (x86)\Common Files\Oracle\Java\javapath;C:\Program Files (x86)\Java\jdk1.8.0_151\bin;C:\Program Files (x86)\Java\jdk1.8.0_151\jre\bin;";"C:\ProgramData\Oracle\Java\javapath;C:\Program Files (x86)\Java\jdk1.8.0_151\bin;C:\Program Files (x86)\Java\jdk1.8.0_151\jre\bin;";C:\Windows\system32;C:\Windows;C:\Windows\System32\Wbem;C:\Windows\System32\WindowsPowerShell\v1.0\;C:\strawberry\c\bin;C:\strawberry\perl\bin;F:\Git\cmd;"C:\Program Files (x86)\Java\jdk1.8.0_151\bin;C:\Windows\System32";C:\Program Files\nodejs\;C:\Program Files\TortoiseGit\bin;C:\Program Files\MongoDB\Server\4.2\bin;";C:\Program Files\nodejs\;C:\Program Files\TortoiseGit\bin;C:\Program Files\MongoDB\Server\4.2\bin;";C:\Program Files\nodejs\;C:\Program Files\TortoiseGit\bin;C:\Program Files\MongoDB\Server\4.2\bin;C:\Users\ASUS\AppData\Local\Microsoft\WindowsApps;C:\Users\ASUS\AppData\Local\Programs\Microsoft VS Code\bin;C:\Users\ASUS\AppData\Roaming\npm;F:\Fiddler;C:\Users\ASUS\AppData\Local\BypassRuntm

Yarn version: 
  1.22.4

Node version: 
  10.16.3

Platform: 
  win32 x64

Trace: 
  Error: ENOENT: no such file or directory, copyfile 'C:\Users\ASUS\AppData\Local\Yarn\Cache\v6\npm-supports-color-2.0.0-535d045ce6b6363fa40117084629995e9df324c7-integrity\node_modules\supports-color\package.json' -> 'C:\Users\ASUS\Desktop\web\jd-mobile\node_modules\@soda\friendly-errors-webpack-plugin\node_modules\supports-color\package.json'

npm manifest: 
  {
    "name": "kudai-mobile",
    "version": "1.0.0",
    "description": "移动端",
    "author": "",
    "license": "",
    "scripts": {
      "serve": "vue-cli-service serve",
      "build": "vue-cli-service build",
      "lint": "vue-cli-service lint"
    },
    "dependencies": {
      "ali-oss": "^6.0.1",
      "axios": "^0.18.0",
      "better-scroll": "^1.15.2",
      "js-cookie": "^2.2.1",
      "jsencrypt": "^3.0.0-rc.1",
      "moment": "^2.23.0",
      "node-ipc": "^9.1.1",
      "node-jsencrypt": "^1.0.0",
      "node-sass": "^4.14.1",
      "normalize.css": "^8.0.1",
      "nprogress": "^0.2.0",
      "postcss-pxtorem": "^4.0.1",
      "sass-loader": "^8.0.2",
      "vant": "^2.2.7",
      "vue": "^2.5.17",
      "vue-clipboard2": "^0.2.1",
      "vue-preview": "^1.1.3",
      "vue-router": "^3.1.3",
      "vue-scroller": "^2.2.4",
      "vue-wechat-title": "^2.0.5",
      "vuelidate": "^0.7.4",
      "vuex": "^3.0.1"
    },
    "devDependencies": {
      "@vue/cli-plugin-babel": "^3.12.0",
      "@vue/cli-plugin-eslint": "^3.12.0",
      "@vue/cli-service": "^3.12.0",
      "babel-plugin-import": "^1.12.2",
      "svg-sprite-loader": "^4.1.3",
      "svgo": "^1.3.2",
      "svgo-loader": "^2.2.1",
      "vue-image-swipe": "^1.0.5",
      "vue-template-compiler": "^2.5.17"
    },
    "eslintConfig": {
      "root": true,
      "env": {
        "node": true
      },
      "extends": [
        "plugin:vue/essential",
        "eslint:recommended"
      ],
      "rules": {},
      "parserOptions": {
        "parser": "babel-eslint"
      }
    },
    "postcss": {
      "plugins": {
        "autoprefixer": {},
        "postcss-pxtorem": {
          "rootValue": 32,
          "propList": [
            "*"
          ]
        }
      }
    },
    "browserslist": [
      "Android >= 4.0",
      "iOS >= 7"
    ]
  }

yarn manifest: 
  No manifest

Lockfile: 
  No lockfile
